<?xml version="1.0" encoding="UTF-8"?>
<!-- Generated by org.testng.reporters.JUnitReportReporter -->
<testsuite skipped="0" hostname="DESKTOP-AHN7MSQ" name="Module.allTogether.EnabledDisplayed" tests="3" failures="0" timestamp="08 Oct 2020 13:13:50 GMT" time="36.950" errors="0">
  <testcase name="isselected" time="18.561" classname="Module.allTogether.EnabledDisplayed"/>
  <testcase name="enabled" time="9.392" classname="Module.allTogether.EnabledDisplayed"/>
  <testcase name="displayed" time="8.997" classname="Module.allTogether.EnabledDisplayed"/>
</testsuite> <!-- Module.allTogether.EnabledDisplayed -->
