<?xml version="1.0" encoding="UTF-8"?>
<!-- Generated by org.testng.reporters.JUnitReportReporter -->
<testsuite skipped="0" hostname="DESKTOP-AHN7MSQ" name="demo.TestJava" tests="2" failures="0" timestamp="11 Oct 2020 13:14:23 GMT" time="6.790" errors="0">
  <testcase name="hitUrl" time="6.660" classname="demo.TestJava"/>
  <testcase name="titleValidation" time="0.130" classname="demo.TestJava"/>
</testsuite> <!-- demo.TestJava -->
